<?xml version="1.0" encoding="UTF-8"?>
<!-- Generated by org.testng.reporters.JUnitReportReporter -->
<testsuite hostname="DESKTOP-N0N6VO2" failures="0" tests="1" name="TestNg.soucedemo" time="0.371" errors="0" timestamp="2023-02-08T22:06:20 IST" skipped="0">
  <testcase classname="TestNg.soucedemo" name="login" time="0.371"/>
  <system-out/>
</testsuite> <!-- TestNg.soucedemo -->
