<?xml version="1.0" encoding="UTF-8"?>
<!-- Generated by org.testng.reporters.JUnitReportReporter -->
<testsuite hostname="DESKTOP-N0N6VO2" failures="0" tests="1" name="TestNg.Guru99" time="3.539" errors="0" timestamp="2023-02-20T21:09:42 IST" skipped="0">
  <testcase classname="TestNg.Guru99" name="login" time="3.539"/>
  <system-out/>
</testsuite> <!-- TestNg.Guru99 -->
