<?xml version="1.0" encoding="UTF-8"?>
<!-- Generated by org.testng.reporters.JUnitReportReporter -->
<testsuite hostname="DESKTOP-N0N6VO2" failures="0" tests="1" name="TestNg.Guru99Login" time="4.712" errors="0" timestamp="2023-02-21T08:53:48 IST" skipped="0">
  <testcase classname="TestNg.Guru99Login" name="login" time="4.712"/>
  <system-out/>
</testsuite> <!-- TestNg.Guru99Login -->
