<?xml version="1.0" encoding="UTF-8"?>
<!-- Generated by org.testng.reporters.JUnitReportReporter -->
<testsuite hostname="DESKTOP-N0N6VO2" failures="0" tests="1" name="guru99project.NewAccountTest" time="19.829" errors="0" timestamp="2023-03-02T12:06:13 IST" skipped="0">
  <testcase classname="guru99project.NewAccountTest" name="NewAccount" time="19.829"/>
  <system-out/>
</testsuite> <!-- guru99project.NewAccountTest -->
