<?xml version="1.0" encoding="UTF-8"?>
<!-- Generated by org.testng.reporters.JUnitReportReporter -->
<testsuite hostname="DESKTOP-N0N6VO2" failures="0" tests="1" name="demo.NewTest" time="0.260" errors="0" timestamp="2023-02-18T21:48:50 IST" skipped="0">
  <testcase classname="demo.NewTest" name="login" time="0.260"/>
  <system-out/>
</testsuite> <!-- demo.NewTest -->
