<?xml version="1.0" encoding="UTF-8"?>
<!-- Generated by org.testng.reporters.JUnitReportReporter -->
<testsuite hostname="DESKTOP-N0N6VO2" failures="0" tests="1" name="guru99project.EditCustomer" time="22.328" errors="0" timestamp="2023-02-24T17:12:11 IST" skipped="0">
  <testcase classname="guru99project.EditCustomer" name="NewCustomer" time="22.328"/>
  <system-out/>
</testsuite> <!-- guru99project.EditCustomer -->
