<?xml version="1.0" encoding="UTF-8"?>
<!-- Generated by org.testng.reporters.JUnitReportReporter -->
<testsuite hostname="DESKTOP-N0N6VO2" failures="0" tests="3" name="TestNg.demo" time="3.074" errors="0" timestamp="2023-02-20T12:30:10 IST" skipped="0">
  <testcase classname="TestNg.demo" name="login" time="3.037"/>
  <system-out/>
  <testcase classname="TestNg.demo" name="cart1" time="0.020"/>
  <system-out/>
  <testcase classname="TestNg.demo" name="logout" time="0.017"/>
  <system-out/>
</testsuite> <!-- TestNg.demo -->
